Removed Pin From Net: NetName=GND Pin=TP11-1
Removed Pin From Net: NetName=VRM_+ Pin=TP11-2
Removed Pin From Net: NetName=VRM_+ Pin=TP11-2
Removed Pin From Net: NetName=VRM_+ Pin=TP11-2
Removed Pin From Net: NetName=GND Pin=TP12-1
Removed Pin From Net: NetName=R_Sense_+ Pin=TP12-2
Removed Pin From Net: NetName=R_Sense_+ Pin=TP12-2
Removed Pin From Net: NetName=R_Sense_+ Pin=TP12-2
Removed Pin From Net: NetName=GND Pin=TP13-1
Removed Pin From Net: NetName=Vout_DAC Pin=TP13-2
Removed Pin From Net: NetName=Vout_DAC Pin=TP13-2
Removed Pin From Net: NetName=Vout_DAC Pin=TP13-2
Removed Pin From Net: NetName=GND Pin=TP14-1
Removed Pin From Net: NetName=Vout_OpAmp Pin=TP14-2
Removed Pin From Net: NetName=Vout_OpAmp Pin=TP14-2
Removed Pin From Net: NetName=Vout_OpAmp Pin=TP14-2
Removed Pin From Net: NetName=GND Pin=TP15-1
Removed Pin From Net: NetName=VRM_+ Pin=TP15-2
Removed Pin From Net: NetName=VRM_+ Pin=TP15-2
Removed Pin From Net: NetName=VRM_+ Pin=TP15-2
Removed Pin From Net: NetName=GND Pin=TP16-1
Removed Pin From Net: NetName=GPIO_BUZZER Pin=TP16-2
Removed Pin From Net: NetName=GPIO_BUZZER Pin=TP16-2
Removed Pin From Net: NetName=GPIO_BUZZER Pin=TP16-2
Added Pin To Net: NetName=VRM_+ Pin=TP11-1
Added Pin To Net: NetName=GND Pin=TP11-2
Added Pin To Net: NetName=GND Pin=TP11-2
Added Pin To Net: NetName=GND Pin=TP11-2
Added Pin To Net: NetName=R_Sense_+ Pin=TP12-1
Added Pin To Net: NetName=GND Pin=TP12-2
Added Pin To Net: NetName=GND Pin=TP12-2
Added Pin To Net: NetName=GND Pin=TP12-2
Added Pin To Net: NetName=Vout_DAC Pin=TP13-1
Added Pin To Net: NetName=GND Pin=TP13-2
Added Pin To Net: NetName=GND Pin=TP13-2
Added Pin To Net: NetName=GND Pin=TP13-2
Added Pin To Net: NetName=Vout_OpAmp Pin=TP14-1
Added Pin To Net: NetName=GND Pin=TP14-2
Added Pin To Net: NetName=GND Pin=TP14-2
Added Pin To Net: NetName=GND Pin=TP14-2
Added Pin To Net: NetName=VRM_+ Pin=TP15-1
Added Pin To Net: NetName=GND Pin=TP15-2
Added Pin To Net: NetName=GND Pin=TP15-2
Added Pin To Net: NetName=GND Pin=TP15-2
Added Pin To Net: NetName=GPIO_BUZZER Pin=TP16-1
Added Pin To Net: NetName=GND Pin=TP16-2
Added Pin To Net: NetName=GND Pin=TP16-2
Added Pin To Net: NetName=GND Pin=TP16-2
Added Member To Class: ClassName=Schematic Member=Component R4 1k
